#! /usr/bin/vvp
:ivl_version "11.0 (stable)";
:ivl_delay_selection "TYPICAL";
:vpi_time_precision + 0;
:vpi_module "/usr/lib/x86_64-linux-gnu/ivl/system.vpi";
:vpi_module "/usr/lib/x86_64-linux-gnu/ivl/vhdl_sys.vpi";
:vpi_module "/usr/lib/x86_64-linux-gnu/ivl/vhdl_textio.vpi";
:vpi_module "/usr/lib/x86_64-linux-gnu/ivl/v2005_math.vpi";
:vpi_module "/usr/lib/x86_64-linux-gnu/ivl/va_math.vpi";
S_0x558b8bf067e0 .scope module, "tb_encoder_8x3" "tb_encoder_8x3" 2 9;
 .timescale 0 0;
v0x558b8bf21b10_0 .var "a0", 0 0;
v0x558b8bf21bd0_0 .var "a1", 0 0;
v0x558b8bf21ca0_0 .var "a2", 0 0;
v0x558b8bf21da0_0 .var "a3", 0 0;
v0x558b8bf21e70_0 .var "a4", 0 0;
v0x558b8bf21f10_0 .var "a5", 0 0;
v0x558b8bf21fe0_0 .var "a6", 0 0;
v0x558b8bf220b0_0 .var "a7", 0 0;
v0x558b8bf22180_0 .net "out", 2 0, L_0x558b8bf22760;  1 drivers
S_0x558b8bf06970 .scope module, "d1" "encoder_8x3" 2 15, 2 1 0, S_0x558b8bf067e0;
 .timescale 0 0;
    .port_info 0 /OUTPUT 3 "out";
    .port_info 1 /INPUT 1 "a0";
    .port_info 2 /INPUT 1 "a1";
    .port_info 3 /INPUT 1 "a2";
    .port_info 4 /INPUT 1 "a3";
    .port_info 5 /INPUT 1 "a4";
    .port_info 6 /INPUT 1 "a5";
    .port_info 7 /INPUT 1 "a6";
    .port_info 8 /INPUT 1 "a7";
L_0x558b8bf22250 .functor OR 1, v0x558b8bf21bd0_0, v0x558b8bf21da0_0, C4<0>, C4<0>;
L_0x558b8bf22340 .functor OR 1, L_0x558b8bf22250, v0x558b8bf21f10_0, C4<0>, C4<0>;
L_0x558b8bf22450 .functor OR 1, L_0x558b8bf22340, v0x558b8bf220b0_0, C4<0>, C4<0>;
L_0x558b8bf22560 .functor OR 1, v0x558b8bf21ca0_0, v0x558b8bf21fe0_0, C4<0>, C4<0>;
L_0x558b8bf226a0 .functor OR 1, L_0x558b8bf22560, v0x558b8bf220b0_0, C4<0>, C4<0>;
L_0x558b8bf228f0 .functor OR 1, v0x558b8bf21e70_0, v0x558b8bf21fe0_0, C4<0>, C4<0>;
L_0x558b8bf229f0 .functor OR 1, L_0x558b8bf228f0, v0x558b8bf220b0_0, C4<0>, C4<0>;
v0x558b8becef20_0 .net *"_ivl_10", 0 0, L_0x558b8bf22560;  1 drivers
v0x558b8bf20da0_0 .net *"_ivl_12", 0 0, L_0x558b8bf226a0;  1 drivers
v0x558b8bf20e80_0 .net *"_ivl_17", 0 0, L_0x558b8bf228f0;  1 drivers
v0x558b8bf20f40_0 .net *"_ivl_19", 0 0, L_0x558b8bf229f0;  1 drivers
v0x558b8bf21020_0 .net *"_ivl_2", 0 0, L_0x558b8bf22250;  1 drivers
v0x558b8bf21150_0 .net *"_ivl_4", 0 0, L_0x558b8bf22340;  1 drivers
v0x558b8bf21230_0 .net *"_ivl_6", 0 0, L_0x558b8bf22450;  1 drivers
v0x558b8bf21310_0 .net "a0", 0 0, v0x558b8bf21b10_0;  1 drivers
v0x558b8bf213d0_0 .net "a1", 0 0, v0x558b8bf21bd0_0;  1 drivers
v0x558b8bf21490_0 .net "a2", 0 0, v0x558b8bf21ca0_0;  1 drivers
v0x558b8bf21550_0 .net "a3", 0 0, v0x558b8bf21da0_0;  1 drivers
v0x558b8bf21610_0 .net "a4", 0 0, v0x558b8bf21e70_0;  1 drivers
v0x558b8bf216d0_0 .net "a5", 0 0, v0x558b8bf21f10_0;  1 drivers
v0x558b8bf21790_0 .net "a6", 0 0, v0x558b8bf21fe0_0;  1 drivers
v0x558b8bf21850_0 .net "a7", 0 0, v0x558b8bf220b0_0;  1 drivers
v0x558b8bf21910_0 .net "out", 2 0, L_0x558b8bf22760;  alias, 1 drivers
L_0x558b8bf22760 .concat8 [ 1 1 1 0], L_0x558b8bf22450, L_0x558b8bf226a0, L_0x558b8bf229f0;
    .scope S_0x558b8bf067e0;
T_0 ;
    %pushi/vec4 0, 0, 1;
    %assign/vec4 v0x558b8bf21b10_0, 0;
    %pushi/vec4 0, 0, 1;
    %assign/vec4 v0x558b8bf21bd0_0, 0;
    %pushi/vec4 0, 0, 1;
    %assign/vec4 v0x558b8bf21ca0_0, 0;
    %pushi/vec4 0, 0, 1;
    %assign/vec4 v0x558b8bf21da0_0, 0;
    %pushi/vec4 0, 0, 1;
    %assign/vec4 v0x558b8bf21e70_0, 0;
    %pushi/vec4 0, 0, 1;
    %assign/vec4 v0x558b8bf21f10_0, 0;
    %pushi/vec4 0, 0, 1;
    %assign/vec4 v0x558b8bf21fe0_0, 0;
    %pushi/vec4 0, 0, 1;
    %assign/vec4 v0x558b8bf220b0_0, 0;
    %vpi_call 2 27 "$monitor", "a%d is %b", v0x558b8bf22180_0, v0x558b8bf22180_0 {0 0 0};
    %delay 10, 0;
    %pushi/vec4 0, 0, 1;
    %assign/vec4 v0x558b8bf21b10_0, 0;
    %pushi/vec4 0, 0, 1;
    %assign/vec4 v0x558b8bf21bd0_0, 0;
    %pushi/vec4 0, 0, 1;
    %assign/vec4 v0x558b8bf21ca0_0, 0;
    %pushi/vec4 0, 0, 1;
    %assign/vec4 v0x558b8bf21da0_0, 0;
    %pushi/vec4 0, 0, 1;
    %assign/vec4 v0x558b8bf21e70_0, 0;
    %pushi/vec4 0, 0, 1;
    %assign/vec4 v0x558b8bf21f10_0, 0;
    %pushi/vec4 0, 0, 1;
    %assign/vec4 v0x558b8bf21fe0_0, 0;
    %pushi/vec4 0, 0, 1;
    %assign/vec4 v0x558b8bf220b0_0, 0;
    %delay 10, 0;
    %pushi/vec4 0, 0, 1;
    %assign/vec4 v0x558b8bf21b10_0, 0;
    %pushi/vec4 1, 0, 1;
    %assign/vec4 v0x558b8bf21bd0_0, 0;
    %pushi/vec4 0, 0, 1;
    %assign/vec4 v0x558b8bf21ca0_0, 0;
    %pushi/vec4 0, 0, 1;
    %assign/vec4 v0x558b8bf21da0_0, 0;
    %pushi/vec4 0, 0, 1;
    %assign/vec4 v0x558b8bf21e70_0, 0;
    %pushi/vec4 0, 0, 1;
    %assign/vec4 v0x558b8bf21f10_0, 0;
    %pushi/vec4 0, 0, 1;
    %assign/vec4 v0x558b8bf21fe0_0, 0;
    %pushi/vec4 0, 0, 1;
    %assign/vec4 v0x558b8bf220b0_0, 0;
    %delay 10, 0;
    %pushi/vec4 0, 0, 1;
    %assign/vec4 v0x558b8bf21b10_0, 0;
    %pushi/vec4 0, 0, 1;
    %assign/vec4 v0x558b8bf21bd0_0, 0;
    %pushi/vec4 0, 0, 1;
    %assign/vec4 v0x558b8bf21ca0_0, 0;
    %pushi/vec4 0, 0, 1;
    %assign/vec4 v0x558b8bf21da0_0, 0;
    %pushi/vec4 1, 0, 1;
    %assign/vec4 v0x558b8bf21e70_0, 0;
    %pushi/vec4 0, 0, 1;
    %assign/vec4 v0x558b8bf21f10_0, 0;
    %pushi/vec4 0, 0, 1;
    %assign/vec4 v0x558b8bf21fe0_0, 0;
    %pushi/vec4 0, 0, 1;
    %assign/vec4 v0x558b8bf220b0_0, 0;
    %delay 10, 0;
    %pushi/vec4 0, 0, 1;
    %assign/vec4 v0x558b8bf21b10_0, 0;
    %pushi/vec4 0, 0, 1;
    %assign/vec4 v0x558b8bf21bd0_0, 0;
    %pushi/vec4 0, 0, 1;
    %assign/vec4 v0x558b8bf21ca0_0, 0;
    %pushi/vec4 0, 0, 1;
    %assign/vec4 v0x558b8bf21da0_0, 0;
    %pushi/vec4 0, 0, 1;
    %assign/vec4 v0x558b8bf21e70_0, 0;
    %pushi/vec4 0, 0, 1;
    %assign/vec4 v0x558b8bf21f10_0, 0;
    %pushi/vec4 1, 0, 1;
    %assign/vec4 v0x558b8bf21fe0_0, 0;
    %pushi/vec4 0, 0, 1;
    %assign/vec4 v0x558b8bf220b0_0, 0;
    %end;
    .thread T_0;
# The file index is used to find the file name in the following table.
:file_names 3;
    "N/A";
    "<interactive>";
    "encoder_8x3.v";
